2019:03:26 00:42:23.064 INFO  --- [main]
				c.c.w.WebCrawlerApplicationTests : Starting WebCrawlerApplicationTests on DESKTOP-DG2VPNI with PID 13364 (started by changju.ahn in D:\eclipse-workspace\WebCrawler) 
2019:03:26 00:42:23.066 INFO  --- [main]
				c.c.w.WebCrawlerApplicationTests : No active profile set, falling back to default profiles: default 
2019:03:26 00:42:24.084 INFO  --- [main]
				o.s.d.r.c.RepositoryConfigurationDelegate : Bootstrapping Spring Data repositories in DEFAULT mode. 
2019:03:26 00:42:24.228 INFO  --- [main]
				o.s.d.r.c.RepositoryConfigurationDelegate : Finished Spring Data repository scanning in 131ms. Found 2 repository interfaces. 
2019:03:26 00:42:25.940 INFO  --- [main]
				o.e.plugins.PluginsService : no modules loaded 
2019:03:26 00:42:25.944 INFO  --- [main]
				o.e.plugins.PluginsService : loaded plugin [org.elasticsearch.index.reindex.ReindexPlugin] 
2019:03:26 00:42:25.946 INFO  --- [main]
				o.e.plugins.PluginsService : loaded plugin [org.elasticsearch.join.ParentJoinPlugin] 
2019:03:26 00:42:25.946 INFO  --- [main]
				o.e.plugins.PluginsService : loaded plugin [org.elasticsearch.percolator.PercolatorPlugin] 
2019:03:26 00:42:25.947 INFO  --- [main]
				o.e.plugins.PluginsService : loaded plugin [org.elasticsearch.script.mustache.MustachePlugin] 
2019:03:26 00:42:25.948 INFO  --- [main]
				o.e.plugins.PluginsService : loaded plugin [org.elasticsearch.transport.Netty4Plugin] 
2019:03:26 00:42:31.445 INFO  --- [main]
				o.s.s.c.ThreadPoolTaskExecutor : Initializing ExecutorService 
2019:03:26 00:42:31.469 INFO  --- [main]
				o.s.s.c.ThreadPoolTaskExecutor : Initializing ExecutorService 'WebCrawlingExecutor' 
2019:03:26 00:42:34.675 INFO  --- [main]
				o.s.b.a.w.s.WelcomePageHandlerMapping : Adding welcome page template: index 
2019:03:26 00:42:35.876 INFO  --- [main]
				c.c.w.WebCrawlerApplicationTests : Started WebCrawlerApplicationTests in 13.812 seconds (JVM running for 15.837) 
2019:03:26 00:45:10.407 INFO  --- [main]
				c.c.w.WebCrawlerApplicationTests : Starting WebCrawlerApplicationTests on DESKTOP-DG2VPNI with PID 15400 (started by changju.ahn in D:\eclipse-workspace\WebCrawler) 
2019:03:26 00:45:10.409 INFO  --- [main]
				c.c.w.WebCrawlerApplicationTests : No active profile set, falling back to default profiles: default 
2019:03:26 00:45:11.590 INFO  --- [main]
				o.s.d.r.c.RepositoryConfigurationDelegate : Bootstrapping Spring Data repositories in DEFAULT mode. 
2019:03:26 00:45:11.731 INFO  --- [main]
				o.s.d.r.c.RepositoryConfigurationDelegate : Finished Spring Data repository scanning in 130ms. Found 2 repository interfaces. 
2019:03:26 00:45:13.656 INFO  --- [main]
				o.e.plugins.PluginsService : no modules loaded 
2019:03:26 00:45:13.659 INFO  --- [main]
				o.e.plugins.PluginsService : loaded plugin [org.elasticsearch.index.reindex.ReindexPlugin] 
2019:03:26 00:45:13.661 INFO  --- [main]
				o.e.plugins.PluginsService : loaded plugin [org.elasticsearch.join.ParentJoinPlugin] 
2019:03:26 00:45:13.661 INFO  --- [main]
				o.e.plugins.PluginsService : loaded plugin [org.elasticsearch.percolator.PercolatorPlugin] 
2019:03:26 00:45:13.664 INFO  --- [main]
				o.e.plugins.PluginsService : loaded plugin [org.elasticsearch.script.mustache.MustachePlugin] 
2019:03:26 00:45:13.665 INFO  --- [main]
				o.e.plugins.PluginsService : loaded plugin [org.elasticsearch.transport.Netty4Plugin] 
2019:03:26 00:45:19.702 INFO  --- [main]
				o.s.s.c.ThreadPoolTaskExecutor : Initializing ExecutorService 
2019:03:26 00:45:19.718 INFO  --- [main]
				o.s.s.c.ThreadPoolTaskExecutor : Initializing ExecutorService 'WebCrawlingExecutor' 
2019:03:26 00:45:21.941 INFO  --- [main]
				o.s.b.a.w.s.WelcomePageHandlerMapping : Adding welcome page template: index 
2019:03:26 00:45:22.825 INFO  --- [main]
				c.c.w.WebCrawlerApplicationTests : Started WebCrawlerApplicationTests in 13.621 seconds (JVM running for 16.055) 
2019:03:26 00:46:16.990 INFO  --- [Thread-4]
				o.s.s.c.ThreadPoolTaskExecutor : Shutting down ExecutorService 'WebCrawlingExecutor' 
